<?xml version="1.0" encoding="UTF-8"?>
<!-- Generated by org.testng.reporters.JUnitReportReporter -->
<testsuite hostname="BHARATH" failures="0" tests="1" name="test.LoginTest" time="2.911" errors="0" timestamp="2025-03-18T21:42:15 IST" skipped="0">
  <testcase classname="test.LoginTest" name="testLogin" time="2.911"/>
</testsuite> <!-- test.LoginTest -->
