<?xml version="1.0" encoding="UTF-8"?>
<!-- Generated by org.testng.reporters.JUnitReportReporter -->
<testsuite hostname="BHARATH" failures="0" tests="1" name="test.ResumeHeadlineTest" time="11.436" errors="0" timestamp="2025-04-11T12:21:45 IST" skipped="0">
  <testcase classname="test.ResumeHeadlineTest" name="resumeHeadlineTest" time="11.436">
    <system-out>
      <![CDATA[Resume Headline module is initiated
Resume headline module is validated successfully]]>
    </system-out>
  </testcase> <!-- resumeHeadlineTest -->
  <system-out>
    <![CDATA[Profile update module is initiated
Resume got deleted
Updated latest Resume
Resume Headline module is initiated
Resume headline module is validated successfully
Skills module is initiated
Skills module is validated successfully
Naukri basic details module is initiated
Click intercepted, trying JS click
Name field is cleared
Entered invalid data in the name field
Click intercepted, trying JS click
Basic details module is validated with invalid data
Naukri input field module is initiated with valid data
Click intercepted, trying JS click
Entered valid data in the name field
Basic details module is validated with valid data
Naukri input basic details with exp year and joining date
Click intercepted, trying JS click
Years of experience is updated in the dropdown successfully
Avail to Join is updated
Basic details saved successfully]]>
  </system-out>
</testsuite> <!-- test.ResumeHeadlineTest -->
