<?xml version="1.0" encoding="UTF-8"?>
<!-- Generated by org.testng.reporters.JUnitReportReporter -->
<testsuite hostname="BHARATH" failures="0" tests="1" name="test.ResumeHeadlineTest" time="9.064" errors="0" timestamp="2025-02-24T19:43:45 IST" skipped="0">
  <testcase classname="test.ResumeHeadlineTest" name="resumeHeadlineTest" time="9.064"/>
</testsuite> <!-- test.ResumeHeadlineTest -->
