<?xml version="1.0" encoding="UTF-8"?>
<!-- Generated by org.testng.reporters.JUnitReportReporter -->
<testsuite hostname="BHARATH" failures="0" tests="1" name="test.ResumeHeadlineTest" time="7.740" errors="0" timestamp="2025-04-11T01:01:10 IST" skipped="0">
  <testcase classname="test.ResumeHeadlineTest" name="resumeHeadlineTest" time="7.740">
    <system-out>
      <![CDATA[Resume Headline module is initiated
Resume headline module is validated successfully]]>
    </system-out>
  </testcase> <!-- resumeHeadlineTest -->
  <system-out>
    <![CDATA[Profile update module is initiated
Resume got deleted
Updated latest Resume
Resume Headline module is initiated
Resume headline module is validated successfully
Skills module is initiated
Skills module is validated successfully
Naukri basic details module is initiated
name field is cleared
Entered invalid data in the name field
Basic details module is validated with invalid data
Naukri input field module is initiated with valid data
Enter valid data in the name field
Basic details module is validated with valid data
Naukri input basic details with exp year and joining date
Years of experience is updated in the dropdown successfully
Avail to Join is updated]]>
  </system-out>
</testsuite> <!-- test.ResumeHeadlineTest -->
