<?xml version="1.0" encoding="UTF-8"?>
<!-- Generated by org.testng.reporters.JUnitReportReporter -->
<testsuite hostname="BHARATH" failures="0" tests="1" name="test.LoginTest" time="3.827" errors="0" timestamp="2025-02-23T22:57:17 IST" skipped="0">
  <testcase classname="test.LoginTest" name="testLogin" time="3.827"/>
</testsuite> <!-- test.LoginTest -->
