<?xml version="1.0" encoding="UTF-8"?>
<!-- Generated by org.testng.reporters.JUnitReportReporter -->
<testsuite hostname="BHARATH" failures="0" tests="1" name="test.ProfileUpdationTest" time="11.495" errors="0" timestamp="2025-02-24T19:43:45 IST" skipped="0">
  <testcase classname="test.ProfileUpdationTest" name="profileUpdate" time="11.495"/>
</testsuite> <!-- test.ProfileUpdationTest -->
