<?xml version="1.0" encoding="UTF-8"?>
<!-- Generated by org.testng.reporters.JUnitReportReporter -->
<testsuite hostname="BHARATH" failures="0" tests="1" name="test.skillUpdateTest" time="9.188" errors="0" timestamp="2025-04-30T09:03:44 IST" skipped="0">
  <testcase classname="test.skillUpdateTest" name="skillUpdationTest" time="9.188">
    <system-out>
      <![CDATA[Skills module is initiated
Skills module is validated successfully]]>
    </system-out>
  </testcase> <!-- skillUpdationTest -->
  <system-out>
    <![CDATA[STEP 1: Initiating profile update module
STEP 2: Clicking on the menu (three dots)
STEP 3: Checking and hiding chat window if present
✔ No chat window found to hide
STEP 4: Clicking on 'View & Update Profile'
STEP 5: Waiting for any loading overlays to disappear
✔ Loader disappeared, proceeding
STEP 6: Scrolling to the 'Delete Resume' icon
✔ Scrolled to the element successfully
STEP 7: Clicking the 'Delete Resume' icon
STEP 8: Clicking the confirmation 'Delete' button on popup
✔ Resume successfully deleted
STEP 9: Clicking 'Upload Resume' button
STEP 10: Uploading new resume
✔ Resume uploaded successfully
Resume Headline module is initiated
Resume headline module is validated successfully
Skills module is initiated
Skills module is validated successfully]]>
  </system-out>
</testsuite> <!-- test.skillUpdateTest -->
