<?xml version="1.0" encoding="UTF-8"?>
<!-- Generated by org.testng.reporters.JUnitReportReporter -->
<testsuite hostname="BHARATH" failures="0" tests="1" name="test.ProfileUpdationTest" time="27.377" errors="0" timestamp="2025-04-24T10:21:51 IST" skipped="0">
  <testcase classname="test.ProfileUpdationTest" name="profileUpdate" time="27.377">
    <system-out>
      <![CDATA[STEP 1: Initiating profile update module
STEP 2: Clicking on the menu (three dots)
STEP 3: Checking and hiding chat window if present
✔ No chat window found to hide
STEP 4: Clicking on 'View & Update Profile'
STEP 5: Waiting for any loading overlays to disappear
✔ Loader disappeared, proceeding
STEP 6: Scrolling to the 'Delete Resume' icon
✔ Scrolled to the element successfully
STEP 7: Clicking the 'Delete Resume' icon
STEP 8: Clicking the confirmation 'Delete' button on popup
✔ Resume successfully deleted
STEP 9: Clicking 'Upload Resume' button
STEP 10: Uploading new resume
✔ Resume uploaded successfully]]>
    </system-out>
  </testcase> <!-- profileUpdate -->
  <system-out>
    <![CDATA[STEP 1: Initiating profile update module
STEP 2: Clicking on the menu (three dots)
STEP 3: Checking and hiding chat window if present
✔ No chat window found to hide
STEP 4: Clicking on 'View & Update Profile'
STEP 5: Waiting for any loading overlays to disappear
✔ Loader disappeared, proceeding
STEP 6: Scrolling to the 'Delete Resume' icon
✔ Scrolled to the element successfully
STEP 7: Clicking the 'Delete Resume' icon
STEP 8: Clicking the confirmation 'Delete' button on popup
✔ Resume successfully deleted
STEP 9: Clicking 'Upload Resume' button
STEP 10: Uploading new resume
✔ Resume uploaded successfully]]>
  </system-out>
</testsuite> <!-- test.ProfileUpdationTest -->
