<?xml version="1.0" encoding="UTF-8"?>
<!-- Generated by org.testng.reporters.JUnitReportReporter -->
<testsuite hostname="BHARATH" failures="0" tests="1" name="test.ProfileUpdationTest" time="8.881" errors="0" timestamp="2025-02-28T01:29:42 IST" skipped="0">
  <testcase classname="test.ProfileUpdationTest" name="profileUpdate" time="8.881"/>
</testsuite> <!-- test.ProfileUpdationTest -->
