<?xml version="1.0" encoding="UTF-8"?>
<!-- Generated by org.testng.reporters.JUnitReportReporter -->
<testsuite hostname="BHARATH" failures="0" tests="1" name="test.LoginTest" time="4.637" errors="0" timestamp="2025-02-28T01:47:08 IST" skipped="0">
  <testcase classname="test.LoginTest" name="testLogin" time="4.637"/>
</testsuite> <!-- test.LoginTest -->
