<?xml version="1.0" encoding="UTF-8"?>
<!-- Generated by org.testng.reporters.JUnitReportReporter -->
<testsuite hostname="BHARATH" failures="0" tests="1" name="test.ResumeHeadlineTest" time="7.654" errors="0" timestamp="2025-03-30T21:39:14 IST" skipped="0">
  <testcase classname="test.ResumeHeadlineTest" name="resumeHeadlineTest" time="7.654"/>
  <system-out>
    <![CDATA[Profile update module is initiated
Resume got deleted
Updated latest Resume]]>
  </system-out>
</testsuite> <!-- test.ResumeHeadlineTest -->
