<?xml version="1.0" encoding="UTF-8"?>
<!-- Generated by org.testng.reporters.JUnitReportReporter -->
<testsuite hostname="BHARATH" failures="0" tests="1" name="test.ProfileUpdationTest" time="21.009" errors="0" timestamp="2025-03-18T21:42:15 IST" skipped="0">
  <testcase classname="test.ProfileUpdationTest" name="profileUpdate" time="21.009"/>
</testsuite> <!-- test.ProfileUpdationTest -->
