<?xml version="1.0" encoding="UTF-8"?>
<!-- Generated by org.testng.reporters.JUnitReportReporter -->
<testsuite hostname="BHARATH" failures="0" tests="1" name="test.LoginTest" time="3.645" errors="0" timestamp="2025-02-28T01:29:42 IST" skipped="0">
  <testcase classname="test.LoginTest" name="testLogin" time="3.645"/>
</testsuite> <!-- test.LoginTest -->
