<?xml version="1.0" encoding="UTF-8"?>
<!-- Generated by org.testng.reporters.JUnitReportReporter -->
<testsuite hostname="BHARATH" failures="0" tests="1" name="test.ResumeModuleTest" time="7.434" errors="0" timestamp="2025-04-29T21:00:30 IST" skipped="0">
  <testcase classname="test.ResumeModuleTest" name="resumeUpdatesTest" time="7.434"/>
</testsuite> <!-- test.ResumeModuleTest -->
