<?xml version="1.0" encoding="UTF-8"?>
<!-- Generated by org.testng.reporters.JUnitReportReporter -->
<testsuite hostname="BHARATH" failures="0" tests="1" name="test.skillUpdateTest" time="8.547" errors="0" timestamp="2025-02-28T01:29:42 IST" skipped="0">
  <testcase classname="test.skillUpdateTest" name="skillUpdationTest" time="8.547"/>
</testsuite> <!-- test.skillUpdateTest -->
